<?xml version="1.0" encoding="UTF-8"?>
<!-- Generated by org.testng.reporters.JUnitXMLReporter -->
<testsuite ignored="2" hostname="welcome-PC" failures="1" tests="15" name="Default test" time="0.205" errors="0" timestamp="2021-03-26T10:11:46 IST">
  <testcase classname="com.practice.tests.AllTests" name="studDetails" time="0.008"/>
  <testcase classname="com.practice.tests.AllTests" name="carLoan" time="0.002"/>
  <testcase classname="com.practice.tests.AllTests" name="carNo" time="0.001"/>
  <testcase classname="com.practice.tests.AllTests" name="course" time="0.003"/>
  <testcase classname="com.practice.tests.AllTests" name="course" time="0.003"/>
  <testcase classname="com.practice.tests.AllTests" name="course" time="0.002"/>
  <testcase classname="com.practice.tests.AllTests" name="course2" time="0.002"/>
  <testcase classname="com.practice.tests.AllTests" name="cred" time="0.002"/>
  <testcase classname="com.practice.tests.AllTests" name="login" time="0.002"/>
  <testcase classname="com.practice.tests.AllTests" name="login" time="0.001"/>
  <testcase classname="com.practice.tests.AllTests" name="marks" time="0.002"/>
  <testcase classname="com.practice.tests.AllTests" name="movie" time="0.001"/>
  <testcase classname="com.practice.tests.AllTests" name="sysLoan" time="0.001"/>
  <testcase classname="com.practice.tests.AllTests" name="valid" time="0.004">
    <failure type="java.lang.AssertionError" message="expected [bc] but found [ab]">
      <![CDATA[java.lang.AssertionError: expected [bc] but found [ab]
at org.testng.Assert.fail(Assert.java:99)
at org.testng.Assert.failNotEquals(Assert.java:1037)
at org.testng.Assert.assertEqualsImpl(Assert.java:140)
at org.testng.Assert.assertEquals(Assert.java:122)
at org.testng.Assert.assertEquals(Assert.java:629)
at org.testng.Assert.assertEquals(Assert.java:639)
at com.practice.tests.AllTests.valid(AllTests.java:134)
at java.base/jdk.internal.reflect.NativeMethodAccessorImpl.invoke0(Native Method)
at java.base/jdk.internal.reflect.NativeMethodAccessorImpl.invoke(NativeMethodAccessorImpl.java:64)
at java.base/jdk.internal.reflect.DelegatingMethodAccessorImpl.invoke(DelegatingMethodAccessorImpl.java:43)
at java.base/java.lang.reflect.Method.invoke(Method.java:564)
at org.testng.internal.MethodInvocationHelper.invokeMethod(MethodInvocationHelper.java:132)
at org.testng.internal.TestInvoker.invokeMethod(TestInvoker.java:599)
at org.testng.internal.TestInvoker.invokeTestMethod(TestInvoker.java:174)
at org.testng.internal.MethodRunner.runInSequence(MethodRunner.java:46)
at org.testng.internal.TestInvoker$MethodInvocationAgent.invoke(TestInvoker.java:822)
at org.testng.internal.TestInvoker.invokeTestMethods(TestInvoker.java:147)
at org.testng.internal.TestMethodWorker.invokeTestMethods(TestMethodWorker.java:146)
at org.testng.internal.TestMethodWorker.run(TestMethodWorker.java:128)
at java.base/java.util.ArrayList.forEach(ArrayList.java:1511)
at org.testng.TestRunner.privateRun(TestRunner.java:764)
at org.testng.TestRunner.run(TestRunner.java:585)
at org.testng.SuiteRunner.runTest(SuiteRunner.java:384)
at org.testng.SuiteRunner.runSequentially(SuiteRunner.java:378)
at org.testng.SuiteRunner.privateRun(SuiteRunner.java:337)
at org.testng.SuiteRunner.run(SuiteRunner.java:286)
at org.testng.SuiteRunnerWorker.runSuite(SuiteRunnerWorker.java:53)
at org.testng.SuiteRunnerWorker.run(SuiteRunnerWorker.java:96)
at org.testng.TestNG.runSuitesSequentially(TestNG.java:1218)
at org.testng.TestNG.runSuitesLocally(TestNG.java:1140)
at org.testng.TestNG.runSuites(TestNG.java:1069)
at org.testng.TestNG.run(TestNG.java:1037)
at org.testng.remote.AbstractRemoteTestNG.run(AbstractRemoteTestNG.java:115)
at org.testng.remote.RemoteTestNG.initAndRun(RemoteTestNG.java:251)
at org.testng.remote.RemoteTestNG.main(RemoteTestNG.java:77)
]]>
    </failure>
  </testcase> <!-- valid -->
  <testcase classname="com.practice.tests.AllTests" name="verify" time="0.032"/>
  <testcase classname="com.practice.tests.AllTests" name="homeLoan" time="0.0">
    <ignored/>
  </testcase> <!-- homeLoan -->
  <testcase classname="com.practice.tests.AllTests" name="eduLoan" time="0.0">
    <ignored/>
  </testcase> <!-- eduLoan -->
</testsuite> <!-- Default test -->
